============================= test session starts ==============================
platform darwin -- Python 3.11.15, pytest-9.0.3, pluggy-1.6.0
rootdir: /Users/admin/Desktop/hanna-v3-2-clean
configfile: pytest.ini
plugins: cov-7.1.0
collected 40 items

tests/test_exporters.py ........                                         [ 20%]
tests/test_legacy_entrypoints.py ...                                     [ 27%]
tests/test_run_discovery.py ...                                          [ 35%]
tests/test_cli_contracts.py ........................                     [ 95%]
tests/test_integration_runtime_smokes.py .                               [ 97%]
tests/test_discovery_engine.py .                                         [100%]

============================== 40 passed in 0.33s ==============================
